\BOOKMARK [1][-]{section.1}{Introduction}{}% 1
\BOOKMARK [1][-]{section.2}{Pre-Processing}{}% 2
\BOOKMARK [1][-]{section.3}{Unsupervised Learning}{}% 3
\BOOKMARK [2][-]{section*.1}{Choosing Hidden States}{section.3}% 4
\BOOKMARK [1][-]{section.4}{Poetry Generation, Part 1: Hidden Markov Models}{}% 5
\BOOKMARK [2][-]{section*.2}{Poems Naively Generated from HMM with 8 Hidden States, Trained for 400 Iterations}{section.4}% 6
\BOOKMARK [2][-]{section*.2}{Poems Naively Generated from HMM with 16 Hidden States, Trained for 400 Iterations}{section.4}% 7
\BOOKMARK [1][-]{section.5}{Poetry Generation, Part 2: Recurrent Neural Networks}{}% 8
\BOOKMARK [2][-]{section*.3}{Initial Implementation}{section.5}% 9
\BOOKMARK [2][-]{section*.3}{Poems}{section.5}% 10
\BOOKMARK [1][-]{section.6}{Additional Goals With RNN Model}{}% 11
\BOOKMARK [2][-]{section*.4}{Haikus}{section.6}% 12
\BOOKMARK [2][-]{section*.4}{More Complex RNNs}{section.6}% 13
\BOOKMARK [2][-]{section*.4}{Rhyming}{section.6}% 14
\BOOKMARK [1][-]{section.7}{Additional Goals with HMM Model}{}% 15
\BOOKMARK [2][-]{section*.5}{Syllable Count}{section.7}% 16
\BOOKMARK [2][-]{section*.5}{Rhyming}{section.7}% 17
\BOOKMARK [2][-]{section*.5}{Further Improvements}{section.7}% 18
\BOOKMARK [1][-]{section.8}{Visualization and Interpretation}{}% 19
\BOOKMARK [2][-]{section*.6}{Visualization of dataset}{section.8}% 20
\BOOKMARK [2][-]{figure.caption.7}{Visualization of the sparsities of A and O}{section.8}% 21
\BOOKMARK [2][-]{figure.caption.8}{Visualization of states}{section.8}% 22
